<?xml version="1.0" encoding="UTF-8"?>
<!-- Generated by org.testng.reporters.JUnitReportReporter -->
<testsuite skipped="0" hostname="bittechs-imac-3.lan" name="com.bit.test.UnitTest" tests="1" failures="0" timestamp="18 Jul 2020 16:01:19 GMT" time="9.724" errors="0">
  <testcase name="test1" time="9.724" classname="com.bit.test.UnitTest"/>
</testsuite> <!-- com.bit.test.UnitTest -->
