<?xml version="1.0" encoding="UTF-8"?>
<!-- Generated by org.testng.reporters.JUnitReportReporter -->
<testsuite skipped="0" hostname="bittechs-imac-3.lan" name="com.bit.test.A" tests="1" failures="0" timestamp="12 Sep 2020 18:08:08 GMT" time="0.002" errors="0">
  <testcase name="countCharacter" time="0.002" classname="com.bit.test.A"/>
</testsuite> <!-- com.bit.test.A -->
