<?xml version="1.0" encoding="UTF-8"?>
<!-- Generated by org.testng.reporters.JUnitReportReporter -->
<testsuite skipped="0" hostname="bittechs-imac-3.lan" name="com.bit.test.IntegrationTest" tests="1" failures="0" timestamp="18 Jul 2020 16:01:19 GMT" time="18.010" errors="0">
  <testcase name="test2" time="18.010" classname="com.bit.test.IntegrationTest"/>
</testsuite> <!-- com.bit.test.IntegrationTest -->
