<?xml version="1.0" encoding="UTF-8"?>
<!-- Generated by org.testng.reporters.JUnitReportReporter -->
<testsuite skipped="0" hostname="bittechs-imac-3.lan" name="com.bit.test.RegressionTest" tests="2" failures="0" timestamp="12 Jul 2020 17:12:12 GMT" time="0.006" errors="0">
  <testcase name="logunvalidation" time="0.002" classname="com.bit.test.RegressionTest"/>
  <testcase name="test1" time="0.004" classname="com.bit.test.RegressionTest"/>
</testsuite> <!-- com.bit.test.RegressionTest -->
