<?xml version="1.0" encoding="UTF-8"?>
<!-- Generated by org.testng.reporters.JUnitReportReporter -->
<testsuite skipped="0" hostname="bittechs-imac-3.lan" name="com.bit.test.IntegrationTest" tests="1" failures="0" timestamp="19 Sep 2020 16:59:27 GMT" time="0.258" errors="0">
  <testcase name="getData" time="0.258" classname="com.bit.test.IntegrationTest"/>
</testsuite> <!-- com.bit.test.IntegrationTest -->
